[09-Mar-2020 11:46:27] NOTICE: fpm is running, pid 1118
[09-Mar-2020 11:46:27] NOTICE: ready to handle connections
[09-Mar-2020 14:21:03] NOTICE: Terminating ...
[09-Mar-2020 14:21:03] NOTICE: Terminating ...
[09-Mar-2020 14:21:03] NOTICE: exiting, bye-bye!
[09-Mar-2020 15:34:45] NOTICE: fpm is running, pid 5106
[09-Mar-2020 15:34:45] NOTICE: ready to handle connections
[09-Mar-2020 17:14:32] NOTICE: Terminating ...
[09-Mar-2020 17:14:32] NOTICE: Terminating ...
[09-Mar-2020 17:14:32] NOTICE: exiting, bye-bye!
[10-Mar-2020 09:15:59] NOTICE: fpm is running, pid 1029
[10-Mar-2020 09:15:59] NOTICE: ready to handle connections
[11-Mar-2020 00:15:33] NOTICE: Terminating ...
[11-Mar-2020 00:15:33] NOTICE: Terminating ...
[11-Mar-2020 00:15:33] NOTICE: exiting, bye-bye!
[11-Mar-2020 10:37:52] NOTICE: fpm is running, pid 1132
[11-Mar-2020 10:37:52] NOTICE: ready to handle connections
[11-Mar-2020 12:17:17] NOTICE: Terminating ...
[11-Mar-2020 12:17:17] NOTICE: Terminating ...
[11-Mar-2020 12:17:17] NOTICE: exiting, bye-bye!
[11-Mar-2020 12:17:22] NOTICE: fpm is running, pid 5221
[11-Mar-2020 12:17:22] NOTICE: ready to handle connections
[11-Mar-2020 13:29:47] NOTICE: Terminating ...
[11-Mar-2020 13:29:47] NOTICE: Terminating ...
[11-Mar-2020 13:29:47] NOTICE: exiting, bye-bye!
[11-Mar-2020 16:13:21] NOTICE: fpm is running, pid 7111
[11-Mar-2020 16:13:21] NOTICE: ready to handle connections
[11-Mar-2020 16:47:56] NOTICE: Terminating ...
[11-Mar-2020 16:47:56] NOTICE: Terminating ...
[11-Mar-2020 16:47:56] NOTICE: exiting, bye-bye!
[11-Mar-2020 17:30:22] NOTICE: fpm is running, pid 7975
[11-Mar-2020 17:30:22] NOTICE: ready to handle connections
[12-Mar-2020 12:23:09] NOTICE: fpm is running, pid 566
[12-Mar-2020 12:23:09] NOTICE: ready to handle connections
[12-Mar-2020 14:13:59] NOTICE: Terminating ...
[12-Mar-2020 14:13:59] NOTICE: Terminating ...
[12-Mar-2020 14:13:59] NOTICE: exiting, bye-bye!
[12-Mar-2020 17:36:00] NOTICE: fpm is running, pid 812
[12-Mar-2020 17:36:00] NOTICE: ready to handle connections
[12-Mar-2020 18:00:56] NOTICE: Terminating ...
[12-Mar-2020 18:00:56] NOTICE: Terminating ...
[12-Mar-2020 18:00:56] NOTICE: exiting, bye-bye!
[13-Mar-2020 08:53:36] NOTICE: fpm is running, pid 662
[13-Mar-2020 08:53:36] NOTICE: ready to handle connections
[13-Mar-2020 08:53:39] NOTICE: Terminating ...
[13-Mar-2020 08:53:39] NOTICE: Terminating ...
[13-Mar-2020 08:53:39] NOTICE: exiting, bye-bye!
[13-Mar-2020 08:53:42] NOTICE: fpm is running, pid 712
[13-Mar-2020 08:53:42] NOTICE: ready to handle connections
[13-Mar-2020 09:01:01] NOTICE: Terminating ...
[13-Mar-2020 09:01:01] NOTICE: Terminating ...
[13-Mar-2020 09:01:01] NOTICE: exiting, bye-bye!
[13-Mar-2020 09:01:11] NOTICE: fpm is running, pid 1234
[13-Mar-2020 09:01:11] NOTICE: ready to handle connections
[13-Mar-2020 09:05:42] NOTICE: Terminating ...
[13-Mar-2020 09:05:42] NOTICE: Terminating ...
[13-Mar-2020 09:05:42] NOTICE: exiting, bye-bye!
[13-Mar-2020 09:28:26] NOTICE: fpm is running, pid 1513
[13-Mar-2020 09:28:26] NOTICE: ready to handle connections
[13-Mar-2020 10:45:25] NOTICE: Terminating ...
[13-Mar-2020 10:45:25] NOTICE: Terminating ...
[13-Mar-2020 10:45:25] NOTICE: exiting, bye-bye!
[13-Mar-2020 15:52:37] NOTICE: fpm is running, pid 955
[13-Mar-2020 15:52:37] NOTICE: ready to handle connections
[13-Mar-2020 16:29:13] NOTICE: Terminating ...
[13-Mar-2020 16:29:13] NOTICE: Terminating ...
[13-Mar-2020 16:29:13] NOTICE: exiting, bye-bye!
[13-Mar-2020 16:29:16] NOTICE: fpm is running, pid 2117
[13-Mar-2020 16:29:16] NOTICE: ready to handle connections
[13-Mar-2020 16:55:51] NOTICE: Terminating ...
[13-Mar-2020 16:55:51] NOTICE: Terminating ...
[13-Mar-2020 16:55:51] NOTICE: exiting, bye-bye!
[13-Mar-2020 17:19:25] NOTICE: fpm is running, pid 2621
[13-Mar-2020 17:19:25] NOTICE: ready to handle connections
[13-Mar-2020 17:36:17] NOTICE: Terminating ...
[13-Mar-2020 17:36:17] NOTICE: Terminating ...
[13-Mar-2020 17:36:17] NOTICE: exiting, bye-bye!
[13-Mar-2020 17:52:26] NOTICE: fpm is running, pid 2935
[13-Mar-2020 17:52:26] NOTICE: ready to handle connections
[13-Mar-2020 19:15:46] NOTICE: Terminating ...
[13-Mar-2020 19:15:46] NOTICE: Terminating ...
[13-Mar-2020 19:15:46] NOTICE: exiting, bye-bye!
[14-Mar-2020 22:44:37] NOTICE: fpm is running, pid 3426
[14-Mar-2020 22:44:37] NOTICE: ready to handle connections
[14-Mar-2020 23:11:04] NOTICE: Terminating ...
[14-Mar-2020 23:11:04] NOTICE: Terminating ...
[14-Mar-2020 23:11:04] NOTICE: exiting, bye-bye!
[15-Mar-2020 11:25:55] NOTICE: fpm is running, pid 3876
[15-Mar-2020 11:25:55] NOTICE: ready to handle connections
[15-Mar-2020 14:19:35] NOTICE: Terminating ...
[15-Mar-2020 14:19:35] NOTICE: Terminating ...
[15-Mar-2020 14:19:35] NOTICE: exiting, bye-bye!
[15-Mar-2020 20:54:10] NOTICE: fpm is running, pid 698
[15-Mar-2020 20:54:10] NOTICE: ready to handle connections
[15-Mar-2020 23:13:51] NOTICE: Terminating ...
[15-Mar-2020 23:13:51] NOTICE: Terminating ...
[15-Mar-2020 23:13:51] NOTICE: exiting, bye-bye!
[16-Mar-2020 10:13:06] NOTICE: fpm is running, pid 986
[16-Mar-2020 10:13:06] NOTICE: ready to handle connections
[16-Mar-2020 11:04:17] NOTICE: Terminating ...
[16-Mar-2020 11:04:17] NOTICE: Terminating ...
[16-Mar-2020 11:04:17] NOTICE: exiting, bye-bye!
[16-Mar-2020 15:05:30] NOTICE: fpm is running, pid 1198
[16-Mar-2020 15:05:30] NOTICE: ready to handle connections
[16-Mar-2020 15:28:09] NOTICE: Terminating ...
[16-Mar-2020 15:28:09] NOTICE: Terminating ...
[16-Mar-2020 15:28:09] NOTICE: exiting, bye-bye!
[16-Mar-2020 15:30:45] NOTICE: fpm is running, pid 1761
[16-Mar-2020 15:30:45] NOTICE: ready to handle connections
[16-Mar-2020 16:10:43] NOTICE: Terminating ...
[16-Mar-2020 16:10:43] NOTICE: Terminating ...
[16-Mar-2020 16:10:43] NOTICE: exiting, bye-bye!
[17-Mar-2020 13:47:50] NOTICE: fpm is running, pid 2022
[17-Mar-2020 13:47:50] NOTICE: ready to handle connections
[17-Mar-2020 14:29:54] NOTICE: Terminating ...
[17-Mar-2020 14:29:54] NOTICE: Terminating ...
[17-Mar-2020 14:29:54] NOTICE: exiting, bye-bye!
[23-Mar-2020 12:29:17] NOTICE: fpm is running, pid 5189
[23-Mar-2020 12:29:17] NOTICE: ready to handle connections
[23-Mar-2020 12:34:00] NOTICE: Terminating ...
[23-Mar-2020 12:34:00] NOTICE: Terminating ...
[23-Mar-2020 12:34:00] NOTICE: exiting, bye-bye!
[01-Apr-2020 11:12:20] NOTICE: fpm is running, pid 2579
[01-Apr-2020 11:12:20] NOTICE: ready to handle connections
[01-Apr-2020 11:46:38] NOTICE: Terminating ...
[01-Apr-2020 11:46:38] NOTICE: Terminating ...
[01-Apr-2020 11:46:38] NOTICE: exiting, bye-bye!
[14-Apr-2020 12:21:13] NOTICE: fpm is running, pid 1612
[14-Apr-2020 12:21:13] NOTICE: ready to handle connections
[14-Apr-2020 14:37:54] NOTICE: Terminating ...
[14-Apr-2020 14:37:54] NOTICE: Terminating ...
[14-Apr-2020 14:37:54] NOTICE: exiting, bye-bye!
[15-Apr-2020 11:01:21] NOTICE: fpm is running, pid 1534
[15-Apr-2020 11:01:21] NOTICE: ready to handle connections
[15-Apr-2020 11:01:47] NOTICE: Terminating ...
[15-Apr-2020 11:01:47] NOTICE: Terminating ...
[15-Apr-2020 11:01:47] NOTICE: exiting, bye-bye!
[15-Apr-2020 16:27:47] NOTICE: fpm is running, pid 1120
[15-Apr-2020 16:27:47] NOTICE: ready to handle connections
[15-Apr-2020 16:47:21] NOTICE: Terminating ...
[15-Apr-2020 16:47:21] NOTICE: Terminating ...
[15-Apr-2020 16:47:21] NOTICE: exiting, bye-bye!
[26-Apr-2020 21:13:24] NOTICE: fpm is running, pid 803
[26-Apr-2020 21:13:24] NOTICE: ready to handle connections
[26-Apr-2020 21:41:23] NOTICE: Terminating ...
[26-Apr-2020 21:41:23] NOTICE: Terminating ...
[26-Apr-2020 21:41:23] NOTICE: exiting, bye-bye!
[27-Apr-2020 11:30:04] NOTICE: fpm is running, pid 821
[27-Apr-2020 11:30:04] NOTICE: ready to handle connections
[27-Apr-2020 13:00:24] NOTICE: Terminating ...
[27-Apr-2020 13:00:24] NOTICE: Terminating ...
[27-Apr-2020 13:00:24] NOTICE: exiting, bye-bye!
[28-Apr-2020 12:31:56] NOTICE: fpm is running, pid 1074
[28-Apr-2020 12:31:56] NOTICE: ready to handle connections
[28-Apr-2020 12:45:49] NOTICE: Terminating ...
[28-Apr-2020 12:45:49] NOTICE: Terminating ...
[28-Apr-2020 12:45:49] NOTICE: exiting, bye-bye!
[28-Apr-2020 12:52:12] NOTICE: fpm is running, pid 1593
[28-Apr-2020 12:52:12] NOTICE: ready to handle connections
[28-Apr-2020 12:52:56] NOTICE: Terminating ...
[28-Apr-2020 12:52:56] NOTICE: Terminating ...
[28-Apr-2020 12:52:56] NOTICE: exiting, bye-bye!
[01-May-2020 14:46:47] NOTICE: fpm is running, pid 916
[01-May-2020 14:46:47] NOTICE: ready to handle connections
[01-May-2020 14:49:02] WARNING: [pool www] child 923 said into stderr: "sh: gs: command not found"
[01-May-2020 14:49:04] WARNING: [pool www] child 923 said into stderr: "sh: gs: command not found"
[01-May-2020 18:51:40] NOTICE: Terminating ...
[01-May-2020 18:51:40] NOTICE: Terminating ...
[01-May-2020 18:51:40] NOTICE: exiting, bye-bye!
[02-May-2020 14:41:28] NOTICE: fpm is running, pid 870
[02-May-2020 14:41:28] NOTICE: ready to handle connections
[02-May-2020 14:47:11] NOTICE: Terminating ...
[02-May-2020 14:47:11] NOTICE: Terminating ...
[02-May-2020 14:47:11] NOTICE: exiting, bye-bye!
[03-May-2020 11:44:42] NOTICE: fpm is running, pid 791
[03-May-2020 11:44:42] NOTICE: ready to handle connections
[03-May-2020 12:10:34] NOTICE: Terminating ...
[03-May-2020 12:10:34] NOTICE: Terminating ...
[03-May-2020 12:10:34] NOTICE: exiting, bye-bye!
[03-May-2020 12:10:39] NOTICE: fpm is running, pid 2009
[03-May-2020 12:10:39] NOTICE: ready to handle connections
[03-May-2020 12:52:59] NOTICE: Terminating ...
[03-May-2020 12:52:59] NOTICE: Terminating ...
[03-May-2020 12:52:59] NOTICE: exiting, bye-bye!
[03-May-2020 16:32:32] NOTICE: fpm is running, pid 10175
[03-May-2020 16:32:32] NOTICE: ready to handle connections
[03-May-2020 16:36:56] NOTICE: Terminating ...
[03-May-2020 16:36:56] NOTICE: Terminating ...
[03-May-2020 16:36:56] NOTICE: exiting, bye-bye!
[03-May-2020 16:37:05] NOTICE: fpm is running, pid 10695
[03-May-2020 16:37:05] NOTICE: ready to handle connections
[03-May-2020 16:38:34] NOTICE: Terminating ...
[03-May-2020 16:38:34] NOTICE: Terminating ...
[03-May-2020 16:38:34] NOTICE: exiting, bye-bye!
[06-May-2020 11:35:29] NOTICE: fpm is running, pid 1283
[06-May-2020 11:35:29] NOTICE: ready to handle connections
[06-May-2020 12:43:22] NOTICE: Terminating ...
[06-May-2020 12:43:22] NOTICE: Terminating ...
[06-May-2020 12:43:22] NOTICE: exiting, bye-bye!
[06-May-2020 13:48:11] NOTICE: fpm is running, pid 2707
[06-May-2020 13:48:11] NOTICE: ready to handle connections
[06-May-2020 14:16:35] NOTICE: Terminating ...
[06-May-2020 14:16:35] NOTICE: Terminating ...
[06-May-2020 14:16:35] NOTICE: exiting, bye-bye!
